<?xml version="1.0" encoding="UTF-8" ?>
<testsuite failures="0" time="0.015" errors="0" skipped="0" tests="1" name="net.gadgil.fundamental.screenscrape.AppTest">
  <properties>
    <property name="java.runtime.name" value="Java(TM) SE Runtime Environment"/>
    <property name="sun.boot.library.path" value="c:\java\jdk1.6.0_20\jre\bin"/>
    <property name="java.vm.version" value="16.3-b01"/>
    <property name="java.vm.vendor" value="Sun Microsystems Inc."/>
    <property name="java.vendor.url" value="http://java.sun.com/"/>
    <property name="path.separator" value=";"/>
    <property name="java.vm.name" value="Java HotSpot(TM) Client VM"/>
    <property name="file.encoding.pkg" value="sun.io"/>
    <property name="user.country" value="US"/>
    <property name="sun.java.launcher" value="SUN_STANDARD"/>
    <property name="sun.os.patch.level" value=""/>
    <property name="java.vm.specification.name" value="Java Virtual Machine Specification"/>
    <property name="user.dir" value="C:\Users\cgadgil\src\neuraltools\fundamental"/>
    <property name="java.runtime.version" value="1.6.0_20-b02"/>
    <property name="java.awt.graphicsenv" value="sun.awt.Win32GraphicsEnvironment"/>
    <property name="basedir" value="C:\Users\cgadgil\src\neuraltools\fundamental"/>
    <property name="java.endorsed.dirs" value="c:\java\jdk1.6.0_20\jre\lib\endorsed"/>
    <property name="os.arch" value="x86"/>
    <property name="surefire.real.class.path" value="C:\Users\cgadgil\AppData\Local\Temp\surefirebooter3083309714914817183.jar"/>
    <property name="java.io.tmpdir" value="C:\Users\cgadgil\AppData\Local\Temp\"/>
    <property name="line.separator" value="
"/>
    <property name="java.vm.specification.vendor" value="Sun Microsystems Inc."/>
    <property name="user.variant" value=""/>
    <property name="os.name" value="Windows 7"/>
    <property name="sun.jnu.encoding" value="Cp1252"/>
    <property name="java.library.path" value="c:\java\jdk1.6.0_20\jre\bin;.;C:\Windows\Sun\Java\bin;C:\Windows\system32;C:\Windows;C:\Windows\system32;C:\Windows;C:\Windows\System32\Wbem;C:\Windows\System32\WindowsPowerShell\v1.0\"/>
    <property name="surefire.test.class.path" value="C:\Users\cgadgil\src\neuraltools\fundamental\target\test-classes;C:\Users\cgadgil\src\neuraltools\fundamental\target\classes;C:\Users\cgadgil\.m2\repository\junit\junit\3.8.1\junit-3.8.1.jar;C:\Users\cgadgil\.m2\repository\net\sourceforge\htmlunit\htmlunit\2.7\htmlunit-2.7.jar;C:\Users\cgadgil\.m2\repository\xalan\xalan\2.7.1\xalan-2.7.1.jar;C:\Users\cgadgil\.m2\repository\xalan\serializer\2.7.1\serializer-2.7.1.jar;C:\Users\cgadgil\.m2\repository\xml-apis\xml-apis\1.3.04\xml-apis-1.3.04.jar;C:\Users\cgadgil\.m2\repository\commons-collections\commons-collections\3.2.1\commons-collections-3.2.1.jar;C:\Users\cgadgil\.m2\repository\commons-lang\commons-lang\2.4\commons-lang-2.4.jar;C:\Users\cgadgil\.m2\repository\commons-httpclient\commons-httpclient\3.1\commons-httpclient-3.1.jar;C:\Users\cgadgil\.m2\repository\commons-logging\commons-logging\1.1.1\commons-logging-1.1.1.jar;C:\Users\cgadgil\.m2\repository\commons-codec\commons-codec\1.4\commons-codec-1.4.jar;C:\Users\cgadgil\.m2\repository\net\sourceforge\htmlunit\htmlunit-core-js\2.7\htmlunit-core-js-2.7.jar;C:\Users\cgadgil\.m2\repository\xerces\xercesImpl\2.9.1\xercesImpl-2.9.1.jar;C:\Users\cgadgil\.m2\repository\net\sourceforge\nekohtml\nekohtml\1.9.14\nekohtml-1.9.14.jar;C:\Users\cgadgil\.m2\repository\net\sourceforge\cssparser\cssparser\0.9.5\cssparser-0.9.5.jar;C:\Users\cgadgil\.m2\repository\org\w3c\css\sac\1.3\sac-1.3.jar;C:\Users\cgadgil\.m2\repository\commons-io\commons-io\1.4\commons-io-1.4.jar;C:\Users\cgadgil\.m2\repository\com\google\collections\google-collections\1.0-rc5\google-collections-1.0-rc5.jar;C:\Users\cgadgil\.m2\repository\net\sourceforge\jexcelapi\jxl\2.6.10\jxl-2.6.10.jar;C:\Users\cgadgil\.m2\repository\log4j\log4j\1.2.14\log4j-1.2.14.jar;"/>
    <property name="java.specification.name" value="Java Platform API Specification"/>
    <property name="java.class.version" value="50.0"/>
    <property name="sun.management.compiler" value="HotSpot Client Compiler"/>
    <property name="os.version" value="6.1"/>
    <property name="user.home" value="C:\Users\cgadgil"/>
    <property name="user.timezone" value=""/>
    <property name="java.awt.printerjob" value="sun.awt.windows.WPrinterJob"/>
    <property name="java.specification.version" value="1.6"/>
    <property name="file.encoding" value="Cp1252"/>
    <property name="user.name" value="cgadgil"/>
    <property name="java.class.path" value="C:\Users\cgadgil\src\neuraltools\fundamental\target\test-classes;C:\Users\cgadgil\src\neuraltools\fundamental\target\classes;C:\Users\cgadgil\.m2\repository\junit\junit\3.8.1\junit-3.8.1.jar;C:\Users\cgadgil\.m2\repository\net\sourceforge\htmlunit\htmlunit\2.7\htmlunit-2.7.jar;C:\Users\cgadgil\.m2\repository\xalan\xalan\2.7.1\xalan-2.7.1.jar;C:\Users\cgadgil\.m2\repository\xalan\serializer\2.7.1\serializer-2.7.1.jar;C:\Users\cgadgil\.m2\repository\xml-apis\xml-apis\1.3.04\xml-apis-1.3.04.jar;C:\Users\cgadgil\.m2\repository\commons-collections\commons-collections\3.2.1\commons-collections-3.2.1.jar;C:\Users\cgadgil\.m2\repository\commons-lang\commons-lang\2.4\commons-lang-2.4.jar;C:\Users\cgadgil\.m2\repository\commons-httpclient\commons-httpclient\3.1\commons-httpclient-3.1.jar;C:\Users\cgadgil\.m2\repository\commons-logging\commons-logging\1.1.1\commons-logging-1.1.1.jar;C:\Users\cgadgil\.m2\repository\commons-codec\commons-codec\1.4\commons-codec-1.4.jar;C:\Users\cgadgil\.m2\repository\net\sourceforge\htmlunit\htmlunit-core-js\2.7\htmlunit-core-js-2.7.jar;C:\Users\cgadgil\.m2\repository\xerces\xercesImpl\2.9.1\xercesImpl-2.9.1.jar;C:\Users\cgadgil\.m2\repository\net\sourceforge\nekohtml\nekohtml\1.9.14\nekohtml-1.9.14.jar;C:\Users\cgadgil\.m2\repository\net\sourceforge\cssparser\cssparser\0.9.5\cssparser-0.9.5.jar;C:\Users\cgadgil\.m2\repository\org\w3c\css\sac\1.3\sac-1.3.jar;C:\Users\cgadgil\.m2\repository\commons-io\commons-io\1.4\commons-io-1.4.jar;C:\Users\cgadgil\.m2\repository\com\google\collections\google-collections\1.0-rc5\google-collections-1.0-rc5.jar;C:\Users\cgadgil\.m2\repository\net\sourceforge\jexcelapi\jxl\2.6.10\jxl-2.6.10.jar;C:\Users\cgadgil\.m2\repository\log4j\log4j\1.2.14\log4j-1.2.14.jar;"/>
    <property name="java.vm.specification.version" value="1.0"/>
    <property name="sun.arch.data.model" value="32"/>
    <property name="java.home" value="c:\java\jdk1.6.0_20\jre"/>
    <property name="java.specification.vendor" value="Sun Microsystems Inc."/>
    <property name="user.language" value="en"/>
    <property name="awt.toolkit" value="sun.awt.windows.WToolkit"/>
    <property name="java.vm.info" value="mixed mode, sharing"/>
    <property name="java.version" value="1.6.0_20"/>
    <property name="java.ext.dirs" value="c:\java\jdk1.6.0_20\jre\lib\ext;C:\Windows\Sun\Java\lib\ext"/>
    <property name="sun.boot.class.path" value="c:\java\jdk1.6.0_20\jre\lib\resources.jar;c:\java\jdk1.6.0_20\jre\lib\rt.jar;c:\java\jdk1.6.0_20\jre\lib\sunrsasign.jar;c:\java\jdk1.6.0_20\jre\lib\jsse.jar;c:\java\jdk1.6.0_20\jre\lib\jce.jar;c:\java\jdk1.6.0_20\jre\lib\charsets.jar;c:\java\jdk1.6.0_20\jre\classes"/>
    <property name="java.vendor" value="Sun Microsystems Inc."/>
    <property name="localRepository" value="C:\Users\cgadgil\.m2\repository"/>
    <property name="file.separator" value="\"/>
    <property name="java.vendor.url.bug" value="http://java.sun.com/cgi-bin/bugreport.cgi"/>
    <property name="sun.cpu.endian" value="little"/>
    <property name="sun.io.unicode.encoding" value="UnicodeLittle"/>
    <property name="sun.desktop" value="windows"/>
    <property name="sun.cpu.isalist" value="pentium_pro+mmx pentium_pro pentium+mmx pentium i486 i386 i86"/>
  </properties>
  <testcase time="0.002" classname="net.gadgil.fundamental.screenscrape.AppTest" name="testApp"/>
</testsuite>